<?xml version="1.0" encoding="UTF-8"?>
<!-- Generated by org.testng.reporters.JUnitReportReporter -->
<testsuite hostname="DESKTOP-P3MTQ19" name="TestRunner" tests="1" failures="0" timestamp="23 Sep 2018 13:42:25 GMT" time="0.159" errors="0">
  <testcase name="feature" time="0.159" classname="TestRunner"/>
</testsuite> <!-- TestRunner -->
