<?xml version="1.0" encoding="UTF-8"?>
<!-- Generated by org.testng.reporters.JUnitReportReporter -->
<testsuite hostname="DESKTOP-P3MTQ19" name="TestRunner.TestVI" tests="2" failures="0" timestamp="11 Sep 2018 12:23:42 GMT" time="0.067" errors="0">
  <testcase name="feature" time="0.045" classname="TestRunner.TestVI"/>
  <testcase name="feature" time="0.022" classname="TestRunner.TestVI"/>
</testsuite> <!-- TestRunner.TestVI -->
