<?xml version="1.0" encoding="UTF-8"?>
<!-- Generated by org.testng.reporters.JUnitReportReporter -->
<testsuite hostname="DESKTOP-P3MTQ19" name="TestRunner.TestRunner" tests="2" failures="0" timestamp="11 Sep 2018 12:01:51 GMT" time="0.074" errors="0">
  <testcase name="feature" time="0.049" classname="TestRunner.TestRunner"/>
  <testcase name="feature" time="0.025" classname="TestRunner.TestRunner"/>
</testsuite> <!-- TestRunner.TestRunner -->
