<?xml version="1.0" encoding="UTF-8"?>
<!-- Generated by org.testng.reporters.JUnitReportReporter -->
<testsuite hostname="DESKTOP-P3MTQ19" name="TestRunner" tests="2" failures="0" timestamp="12 Sep 2018 08:36:11 GMT" time="0.310" errors="0">
  <testcase name="feature" time="0.043" classname="TestRunner"/>
  <testcase name="feature" time="0.267" classname="TestRunner"/>
</testsuite> <!-- TestRunner -->
